{
  "stats": {
    "suites": 1,
    "tests": 10,
    "passes": 10,
    "pending": 0,
    "failures": 0,
    "start": "2025-11-20T03:41:12.152Z",
    "end": "2025-11-20T03:43:23.498Z",
    "duration": 131346,
    "testsRegistered": 10,
    "passPercent": 100,
    "pendingPercent": 0,
    "other": 0,
    "hasOther": false,
    "skipped": 0,
    "hasSkipped": false
  },
  "results": [
    {
      "uuid": "ad618fbf-9c01-4534-92a1-df1b12b41141",
      "title": "",
      "fullFile": "cypress\\e2e\\cart.cy.js",
      "file": "cypress\\e2e\\cart.cy.js",
      "beforeHooks": [],
      "afterHooks": [],
      "tests": [],
      "suites": [
        {
          "uuid": "8c6729b3-2894-4be6-9fa2-63429ef0c4cb",
          "title": "User Story 04 - Sepet Yönetimi ve Kontrolü",
          "fullFile": "",
          "file": "",
          "beforeHooks": [],
          "afterHooks": [],
          "tests": [
            {
              "title": "AC1 - Sepete erişim ve genel toplam kontrolü",
              "fullTitle": "User Story 04 - Sepet Yönetimi ve Kontrolü AC1 - Sepete erişim ve genel toplam kontrolü",
              "timedOut": null,
              "duration": 15977,
              "state": "passed",
              "speed": "slow",
              "pass": true,
              "fail": false,
              "pending": false,
              "context": null,
              "code": "cy.closePopupIfExists();\n_cartPage.default.openCart();\n_cartPage.default.goToCartPage();\n_cartPage.default.elements.generalTotal().should('exist');\ncy.contains(_cartData.default.cartPage.continueButton).should('be.visible');\ncy.contains(_cartData.default.cartPage.buyButton).should('exist');",
              "err": {},
              "uuid": "0bcf210e-a660-43e4-a6be-9e2480049a8c",
              "parentUUID": "8c6729b3-2894-4be6-9fa2-63429ef0c4cb",
              "isHook": false,
              "skipped": false
            },
            {
              "title": "AC2 - Ürün bilgileri doğru görüntülenmeli",
              "fullTitle": "User Story 04 - Sepet Yönetimi ve Kontrolü AC2 - Ürün bilgileri doğru görüntülenmeli",
              "timedOut": null,
              "duration": 12563,
              "state": "passed",
              "speed": "slow",
              "pass": true,
              "fail": false,
              "pending": false,
              "context": null,
              "code": "_cartPage.default.openCart();\n_cartPage.default.goToCartPage();\n// Sepet içeriği yüklensin\ncy.get('[class*=\"cart-item\"][class*=\"general-shadow\"]', {\n  timeout: 10000\n}).should('exist').each($el => {\n  cy.wrap($el).within(() => {\n    cy.get('.d-block.cart-item-title').should('be.visible');\n    cy.get('.price-sell.fw-black.text-black').should('be.visible');\n    cy.get('input[id^=\"qty\"]').should('be.visible');\n  });\n});",
              "err": {},
              "uuid": "4105c4fa-24c8-4e48-8f1e-a2ca8a51714f",
              "parentUUID": "8c6729b3-2894-4be6-9fa2-63429ef0c4cb",
              "isHook": false,
              "skipped": false
            },
            {
              "title": "AC3 - Sepet toplamı, kargo ücreti ve genel toplam doğru hesaplanmalı",
              "fullTitle": "User Story 04 - Sepet Yönetimi ve Kontrolü AC3 - Sepet toplamı, kargo ücreti ve genel toplam doğru hesaplanmalı",
              "timedOut": null,
              "duration": 10906,
              "state": "passed",
              "speed": "slow",
              "pass": true,
              "fail": false,
              "pending": false,
              "context": null,
              "code": "cy.closePopupIfExists();\n_cartPage.default.openCart();\n_cartPage.default.goToCartPage();\ncy.get('.cart-price-box', {\n  timeout: 10000\n}).should('be.visible')\n// .within(() => {\n// cy.contains(/sepet toplamı/i).should('exist');\n// cy.contains(/kargo ücreti/i).should('exist');\n// cy.contains(/genel toplam/i).should('exist');\n// });\n// cy.get('.cart-general')\n.invoke('text').should('match', /(Sepet Toplamı|Kargo|Genel Toplam)/i);\n// .should('include', cartData.prices.shippingFee.toString());",
              "err": {},
              "uuid": "1db9cc39-2a3b-4e43-b7fd-7702d30af392",
              "parentUUID": "8c6729b3-2894-4be6-9fa2-63429ef0c4cb",
              "isHook": false,
              "skipped": false
            },
            {
              "title": "AC4 - Adet artırıldığında toplam güncellenmeli",
              "fullTitle": "User Story 04 - Sepet Yönetimi ve Kontrolü AC4 - Adet artırıldığında toplam güncellenmeli",
              "timedOut": null,
              "duration": 11247,
              "state": "passed",
              "speed": "slow",
              "pass": true,
              "fail": false,
              "pending": false,
              "context": null,
              "code": "_cartPage.default.openCart();\n_cartPage.default.goToCartPage();\ncy.get('[id^=\"qty\"]').first().invoke('val').then(oldTotal => {\n  _cartPage.default.increaseQuantity();\n  cy.wait(1000);\n  cy.get('[id^=\"qty\"]').first().invoke('val').should(newTotal => {\n    expect(Number(newTotal.trim)).to.not.eq(Number(oldTotal.trim));\n  });\n});",
              "err": {},
              "uuid": "2347c1e5-6a5b-456c-98f8-34a6fbb5df87",
              "parentUUID": "8c6729b3-2894-4be6-9fa2-63429ef0c4cb",
              "isHook": false,
              "skipped": false
            },
            {
              "title": "AC5 - Ürün silme işlemi çöp kutusu ile yapılmalı",
              "fullTitle": "User Story 04 - Sepet Yönetimi ve Kontrolü AC5 - Ürün silme işlemi çöp kutusu ile yapılmalı",
              "timedOut": null,
              "duration": 11915,
              "state": "passed",
              "speed": "slow",
              "pass": true,
              "fail": false,
              "pending": false,
              "context": null,
              "code": "_cartPage.default.openCart();\n_cartPage.default.goToCartPage();\n_cartPage.default.deleteItem();\ncy.wait(1500);\ncy.get('.header-cart-item').should('have.length.lessThan', 1);",
              "err": {},
              "uuid": "aaa070be-1335-4b3d-9892-bf41c6b002ef",
              "parentUUID": "8c6729b3-2894-4be6-9fa2-63429ef0c4cb",
              "isHook": false,
              "skipped": false
            },
            {
              "title": "AC6 - \"Sepeti Temizle\" butonu tüm ürünleri kaldırmalı",
              "fullTitle": "User Story 04 - Sepet Yönetimi ve Kontrolü AC6 - \"Sepeti Temizle\" butonu tüm ürünleri kaldırmalı",
              "timedOut": null,
              "duration": 15109,
              "state": "passed",
              "speed": "slow",
              "pass": true,
              "fail": false,
              "pending": false,
              "context": null,
              "code": "_cartPage.default.openCart();\n_cartPage.default.goToCartPage();\n_cartPage.default.clearCart();\ncy.wait(4000);\n_cartPage.default.elements.emptyCartMessage().should('be.visible');",
              "err": {},
              "uuid": "157dc8c4-42d4-4fa7-8e8c-b38d91f63b92",
              "parentUUID": "8c6729b3-2894-4be6-9fa2-63429ef0c4cb",
              "isHook": false,
              "skipped": false
            },
            {
              "title": "AC7 - Boş sepet mesajı görüntülenmeli",
              "fullTitle": "User Story 04 - Sepet Yönetimi ve Kontrolü AC7 - Boş sepet mesajı görüntülenmeli",
              "timedOut": null,
              "duration": 13729,
              "state": "passed",
              "speed": "slow",
              "pass": true,
              "fail": false,
              "pending": false,
              "context": null,
              "code": "_cartPage.default.openCart();\n_cartPage.default.goToCartPage();\n_cartPage.default.clearCart();\n_cartPage.default.elements.emptyCartMessage({\n  timeout: 10000\n}).should('be.visible');\n_cartPage.default.elements.continueShoppingBtn().should('be.visible');",
              "err": {},
              "uuid": "7cd299e1-1393-42bd-ac63-9370c32c5064",
              "parentUUID": "8c6729b3-2894-4be6-9fa2-63429ef0c4cb",
              "isHook": false,
              "skipped": false
            },
            {
              "title": "AC8 - Satın Al butonu görünür ve aktif olmalı",
              "fullTitle": "User Story 04 - Sepet Yönetimi ve Kontrolü AC8 - Satın Al butonu görünür ve aktif olmalı",
              "timedOut": null,
              "duration": 10729,
              "state": "passed",
              "speed": "slow",
              "pass": true,
              "fail": false,
              "pending": false,
              "context": null,
              "code": "_cartPage.default.openCart();\n_cartPage.default.goToCartPage();\n_cartPage.default.elements.purchaseButton().should('be.visible').and('not.be.disabled');",
              "err": {},
              "uuid": "7efb1fb2-dac2-448a-8bc4-d2c1afc198f0",
              "parentUUID": "8c6729b3-2894-4be6-9fa2-63429ef0c4cb",
              "isHook": false,
              "skipped": false
            },
            {
              "title": "AC9 - Ürün detay sayfasında \"Sepete Git\" butonu ile sepet sayfasına gidilmeli",
              "fullTitle": "User Story 04 - Sepet Yönetimi ve Kontrolü AC9 - Ürün detay sayfasında \"Sepete Git\" butonu ile sepet sayfasına gidilmeli",
              "timedOut": null,
              "duration": 10183,
              "state": "passed",
              "speed": "slow",
              "pass": true,
              "fail": false,
              "pending": false,
              "context": null,
              "code": "_cartPage.default.openCart();\n_cartPage.default.goToCartPage();",
              "err": {},
              "uuid": "4608b392-c383-4692-97ab-644455ddc57e",
              "parentUUID": "8c6729b3-2894-4be6-9fa2-63429ef0c4cb",
              "isHook": false,
              "skipped": false
            },
            {
              "title": "AC10 - Ana sayfadan sepete ekle ve Sepete Git butonu çalışmalı",
              "fullTitle": "User Story 04 - Sepet Yönetimi ve Kontrolü AC10 - Ana sayfadan sepete ekle ve Sepete Git butonu çalışmalı",
              "timedOut": null,
              "duration": 16768,
              "state": "passed",
              "speed": "slow",
              "pass": true,
              "fail": false,
              "pending": false,
              "context": null,
              "code": "cy.visit('/');\ncy.waitForPageLoad();\ncy.closePopupIfExists();\n// Ana sayfada ilk ürünün sepete eklenmesi\ncy.get('[id^=\"product-addcart-button-\"]').first().click({\n  force: true\n});\ncy.wait(4000);\ncy.get('#cart-popup-go-cart', {\n  timeout: 10000\n}).click({\n  force: true\n});\ncy.url().should('include', '/sepet');",
              "err": {},
              "uuid": "6b778d62-4acb-4993-b805-94ab2bd53a33",
              "parentUUID": "8c6729b3-2894-4be6-9fa2-63429ef0c4cb",
              "isHook": false,
              "skipped": false
            }
          ],
          "suites": [],
          "passes": [
            "0bcf210e-a660-43e4-a6be-9e2480049a8c",
            "4105c4fa-24c8-4e48-8f1e-a2ca8a51714f",
            "1db9cc39-2a3b-4e43-b7fd-7702d30af392",
            "2347c1e5-6a5b-456c-98f8-34a6fbb5df87",
            "aaa070be-1335-4b3d-9892-bf41c6b002ef",
            "157dc8c4-42d4-4fa7-8e8c-b38d91f63b92",
            "7cd299e1-1393-42bd-ac63-9370c32c5064",
            "7efb1fb2-dac2-448a-8bc4-d2c1afc198f0",
            "4608b392-c383-4692-97ab-644455ddc57e",
            "6b778d62-4acb-4993-b805-94ab2bd53a33"
          ],
          "failures": [],
          "pending": [],
          "skipped": [],
          "duration": 129126,
          "root": false,
          "rootEmpty": false,
          "_timeout": 2000
        }
      ],
      "passes": [],
      "failures": [],
      "pending": [],
      "skipped": [],
      "duration": 0,
      "root": true,
      "rootEmpty": true,
      "_timeout": 2000
    }
  ],
  "meta": {
    "mocha": {
      "version": "7.2.0"
    },
    "mochawesome": {
      "options": {
        "quiet": false,
        "reportFilename": "mochawesome",
        "saveHtml": false,
        "saveJson": true,
        "consoleReporter": "spec",
        "useInlineDiffs": false,
        "code": true
      },
      "version": "7.1.4"
    },
    "marge": {
      "options": {
        "reportDir": "cypress/reports",
        "overwrite": false,
        "html": false,
        "json": true
      },
      "version": "6.3.2"
    }
  }
}