{
  "stats": {
    "suites": 1,
    "tests": 9,
    "passes": 9,
    "pending": 0,
    "failures": 0,
    "start": "2025-11-20T03:45:51.386Z",
    "end": "2025-11-20T03:47:09.327Z",
    "duration": 77941,
    "testsRegistered": 9,
    "passPercent": 100,
    "pendingPercent": 0,
    "other": 0,
    "hasOther": false,
    "skipped": 0,
    "hasSkipped": false
  },
  "results": [
    {
      "uuid": "ee42ac56-7780-4478-b8a4-d191a89d3786",
      "title": "",
      "fullFile": "cypress\\e2e\\search.cy.js",
      "file": "cypress\\e2e\\search.cy.js",
      "beforeHooks": [],
      "afterHooks": [],
      "tests": [],
      "suites": [
        {
          "uuid": "d2f3b935-e512-47b6-8e17-3fd6311d2902",
          "title": "User Story 02 - Ürün Arama ve Listeleme",
          "fullFile": "",
          "file": "",
          "beforeHooks": [],
          "afterHooks": [],
          "tests": [
            {
              "title": "TC01 - AC1: Kullanıcı arama kutusuna en az 1 karakter yazarak arama yapabilmeli",
              "fullTitle": "User Story 02 - Ürün Arama ve Listeleme TC01 - AC1: Kullanıcı arama kutusuna en az 1 karakter yazarak arama yapabilmeli",
              "timedOut": null,
              "duration": 8748,
              "state": "passed",
              "speed": "medium",
              "pass": true,
              "fail": false,
              "pending": false,
              "context": null,
              "code": "_searchPage.default.searchProduct(_searchData.default.validKeyword);\ncy.url().should('include', '/arama');",
              "err": {},
              "uuid": "5e3aa624-489b-4818-bce4-1f4777d2a161",
              "parentUUID": "d2f3b935-e512-47b6-8e17-3fd6311d2902",
              "isHook": false,
              "skipped": false
            },
            {
              "title": "TC02 - AC2: Arama sonrası sayfa ve ürünler listelenmeli",
              "fullTitle": "User Story 02 - Ürün Arama ve Listeleme TC02 - AC2: Arama sonrası sayfa ve ürünler listelenmeli",
              "timedOut": null,
              "duration": 8380,
              "state": "passed",
              "speed": "medium",
              "pass": true,
              "fail": false,
              "pending": false,
              "context": null,
              "code": "_searchPage.default.searchProduct(_searchData.default.singleLetterSearch);\n_searchPage.default.verifySearchResultPage(_searchData.default.singleLetterSearch);",
              "err": {},
              "uuid": "592d9c0c-b4dc-42eb-a70c-cd501281336e",
              "parentUUID": "d2f3b935-e512-47b6-8e17-3fd6311d2902",
              "isHook": false,
              "skipped": false
            },
            {
              "title": "TC03 - AC3: Geçersiz arama sonucu ürün bulunamamalı",
              "fullTitle": "User Story 02 - Ürün Arama ve Listeleme TC03 - AC3: Geçersiz arama sonucu ürün bulunamamalı",
              "timedOut": null,
              "duration": 6051,
              "state": "passed",
              "speed": "medium",
              "pass": true,
              "fail": false,
              "pending": false,
              "context": null,
              "code": "_searchPage.default.searchProduct(_searchData.default.invalidKeyword);\n_searchPage.default.verifyNoResult().should('not.exist');",
              "err": {},
              "uuid": "b28a8134-8e52-4fc8-be76-b854e7050d80",
              "parentUUID": "d2f3b935-e512-47b6-8e17-3fd6311d2902",
              "isHook": false,
              "skipped": false
            },
            {
              "title": "TC04 - AC4: Ürün kart yapısı doğrulanmalı",
              "fullTitle": "User Story 02 - Ürün Arama ve Listeleme TC04 - AC4: Ürün kart yapısı doğrulanmalı",
              "timedOut": null,
              "duration": 7420,
              "state": "passed",
              "speed": "medium",
              "pass": true,
              "fail": false,
              "pending": false,
              "context": null,
              "code": "_searchPage.default.searchProduct(_searchData.default.validKeyword);\n_searchPage.default.verifyProductCardStructure();",
              "err": {},
              "uuid": "307dd22f-8595-4917-a127-761aab5eb4ba",
              "parentUUID": "d2f3b935-e512-47b6-8e17-3fd6311d2902",
              "isHook": false,
              "skipped": false
            },
            {
              "title": "TC05 - AC5: Sepete ekle butonu hover ile görünmeli",
              "fullTitle": "User Story 02 - Ürün Arama ve Listeleme TC05 - AC5: Sepete ekle butonu hover ile görünmeli",
              "timedOut": null,
              "duration": 9932,
              "state": "passed",
              "speed": "medium",
              "pass": true,
              "fail": false,
              "pending": false,
              "context": null,
              "code": "_searchPage.default.searchProduct(_searchData.default.validKeyword);\n_searchPage.default.verifyAddToCartButton();",
              "err": {},
              "uuid": "bc592ae3-b795-4468-8f0f-4ba4ead52822",
              "parentUUID": "d2f3b935-e512-47b6-8e17-3fd6311d2902",
              "isHook": false,
              "skipped": false
            },
            {
              "title": "TC06 - AC6: Sıralama menüsü seçenekleri görüntülenmeli",
              "fullTitle": "User Story 02 - Ürün Arama ve Listeleme TC06 - AC6: Sıralama menüsü seçenekleri görüntülenmeli",
              "timedOut": null,
              "duration": 7716,
              "state": "passed",
              "speed": "medium",
              "pass": true,
              "fail": false,
              "pending": false,
              "context": null,
              "code": "_searchPage.default.searchProduct(_searchData.default.validKeyword);\n_searchPage.default.verifySortOptions();",
              "err": {},
              "uuid": "81c216a7-b654-494a-ba96-536f568b5ae7",
              "parentUUID": "d2f3b935-e512-47b6-8e17-3fd6311d2902",
              "isHook": false,
              "skipped": false
            },
            {
              "title": "TC07 - AC7: Filtreleme panelinde kategoriler/markalar görünmeli",
              "fullTitle": "User Story 02 - Ürün Arama ve Listeleme TC07 - AC7: Filtreleme panelinde kategoriler/markalar görünmeli",
              "timedOut": null,
              "duration": 8202,
              "state": "passed",
              "speed": "medium",
              "pass": true,
              "fail": false,
              "pending": false,
              "context": null,
              "code": "_searchPage.default.searchProduct(_searchData.default.validKeyword);\n_searchPage.default.elements.filterSection('Kategoriler').should('be.visible');\n_searchPage.default.elements.filterSection('Marka').should('be.visible');",
              "err": {},
              "uuid": "cbe2bc44-03b0-4119-8107-f70b14f722ea",
              "parentUUID": "d2f3b935-e512-47b6-8e17-3fd6311d2902",
              "isHook": false,
              "skipped": false
            },
            {
              "title": "TC08 - AC8: Kullanıcı üst kategoriden ürün seçebilmeli",
              "fullTitle": "User Story 02 - Ürün Arama ve Listeleme TC08 - AC8: Kullanıcı üst kategoriden ürün seçebilmeli",
              "timedOut": null,
              "duration": 6642,
              "state": "passed",
              "speed": "medium",
              "pass": true,
              "fail": false,
              "pending": false,
              "context": null,
              "code": "_searchPage.default.verifyCategorySelection('ROMAN');",
              "err": {},
              "uuid": "ab2522dd-8132-4c2b-8202-dd985111d7a6",
              "parentUUID": "d2f3b935-e512-47b6-8e17-3fd6311d2902",
              "isHook": false,
              "skipped": false
            },
            {
              "title": "TC09 - AC9: Aşağı scroll ile yeni sayfa yüklenmeli",
              "fullTitle": "User Story 02 - Ürün Arama ve Listeleme TC09 - AC9: Aşağı scroll ile yeni sayfa yüklenmeli",
              "timedOut": null,
              "duration": 13554,
              "state": "passed",
              "speed": "slow",
              "pass": true,
              "fail": false,
              "pending": false,
              "context": null,
              "code": "_searchPage.default.searchProduct(_searchData.default.validKeyword);\n_searchPage.default.verifyScrollLoadsMore();",
              "err": {},
              "uuid": "49173ca9-db4e-4965-bcbb-134d0a8892be",
              "parentUUID": "d2f3b935-e512-47b6-8e17-3fd6311d2902",
              "isHook": false,
              "skipped": false
            }
          ],
          "suites": [],
          "passes": [
            "5e3aa624-489b-4818-bce4-1f4777d2a161",
            "592d9c0c-b4dc-42eb-a70c-cd501281336e",
            "b28a8134-8e52-4fc8-be76-b854e7050d80",
            "307dd22f-8595-4917-a127-761aab5eb4ba",
            "bc592ae3-b795-4468-8f0f-4ba4ead52822",
            "81c216a7-b654-494a-ba96-536f568b5ae7",
            "cbe2bc44-03b0-4119-8107-f70b14f722ea",
            "ab2522dd-8132-4c2b-8202-dd985111d7a6",
            "49173ca9-db4e-4965-bcbb-134d0a8892be"
          ],
          "failures": [],
          "pending": [],
          "skipped": [],
          "duration": 76645,
          "root": false,
          "rootEmpty": false,
          "_timeout": 2000
        }
      ],
      "passes": [],
      "failures": [],
      "pending": [],
      "skipped": [],
      "duration": 0,
      "root": true,
      "rootEmpty": true,
      "_timeout": 2000
    }
  ],
  "meta": {
    "mocha": {
      "version": "7.2.0"
    },
    "mochawesome": {
      "options": {
        "quiet": false,
        "reportFilename": "mochawesome",
        "saveHtml": false,
        "saveJson": true,
        "consoleReporter": "spec",
        "useInlineDiffs": false,
        "code": true
      },
      "version": "7.1.4"
    },
    "marge": {
      "options": {
        "reportDir": "cypress/reports",
        "overwrite": false,
        "html": false,
        "json": true
      },
      "version": "6.3.2"
    }
  }
}