{
  "stats": {
    "suites": 1,
    "tests": 6,
    "passes": 6,
    "pending": 0,
    "failures": 0,
    "start": "2025-11-20T03:44:41.876Z",
    "end": "2025-11-20T03:45:48.416Z",
    "duration": 66540,
    "testsRegistered": 6,
    "passPercent": 100,
    "pendingPercent": 0,
    "other": 0,
    "hasOther": false,
    "skipped": 0,
    "hasSkipped": false
  },
  "results": [
    {
      "uuid": "1ac0c5f0-b436-40ed-a987-bee423c6e535",
      "title": "",
      "fullFile": "cypress\\e2e\\productDetail.cy.js",
      "file": "cypress\\e2e\\productDetail.cy.js",
      "beforeHooks": [],
      "afterHooks": [],
      "tests": [],
      "suites": [
        {
          "uuid": "7757f52e-9c04-4033-b076-7e0bfa3ef03b",
          "title": "User Story 03 - Ürün Detay Sayfası Görüntüleme ve Sepete Ekleme",
          "fullFile": "",
          "file": "",
          "beforeHooks": [],
          "afterHooks": [],
          "tests": [
            {
              "title": "AC1 - Ürün görseline veya adına tıklanınca detay sayfasına yönlendirilmelidir",
              "fullTitle": "User Story 03 - Ürün Detay Sayfası Görüntüleme ve Sepete Ekleme AC1 - Ürün görseline veya adına tıklanınca detay sayfasına yönlendirilmelidir",
              "timedOut": null,
              "duration": 13239,
              "state": "passed",
              "speed": "slow",
              "pass": true,
              "fail": false,
              "pending": false,
              "context": null,
              "code": "_productListPage.default.clickFirstProduct();\ncy.location('pathname', {\n  timeout: 10000\n}).should('not.include', '/arama').and('match', /\\/gece-yarisi-kutuphanesi|\\/kitap\\//);",
              "err": {},
              "uuid": "1175d89b-6e6f-433b-8074-d5d9294b108e",
              "parentUUID": "7757f52e-9c04-4033-b076-7e0bfa3ef03b",
              "isHook": false,
              "skipped": false
            },
            {
              "title": "AC2 - Ürün detay sayfasında temel bilgiler görünmelidir",
              "fullTitle": "User Story 03 - Ürün Detay Sayfası Görüntüleme ve Sepete Ekleme AC2 - Ürün detay sayfasında temel bilgiler görünmelidir",
              "timedOut": null,
              "duration": 10498,
              "state": "passed",
              "speed": "slow",
              "pass": true,
              "fail": false,
              "pending": false,
              "context": null,
              "code": "_productListPage.default.clickFirstProduct();\n_productDetailPage.default.verifyBasicInfo(_productData.default);",
              "err": {},
              "uuid": "f7c6e80a-0f51-47d6-8946-c2d43c239afe",
              "parentUUID": "7757f52e-9c04-4033-b076-7e0bfa3ef03b",
              "isHook": false,
              "skipped": false
            },
            {
              "title": "AC3 - \"Ürün Hakkında Bilgiler\" bölümü tür, ISBN, sayfa sayısı, kağıt tipi, basım yılı içermelidir",
              "fullTitle": "User Story 03 - Ürün Detay Sayfası Görüntüleme ve Sepete Ekleme AC3 - \"Ürün Hakkında Bilgiler\" bölümü tür, ISBN, sayfa sayısı, kağıt tipi, basım yılı içermelidir",
              "timedOut": null,
              "duration": 9443,
              "state": "passed",
              "speed": "medium",
              "pass": true,
              "fail": false,
              "pending": false,
              "context": null,
              "code": "_productListPage.default.clickFirstProduct();\n_productDetailPage.default.verifyProductInfo(_productData.default);",
              "err": {},
              "uuid": "e9e6bd7c-fcc5-4d49-96c7-734e24e02197",
              "parentUUID": "7757f52e-9c04-4033-b076-7e0bfa3ef03b",
              "isHook": false,
              "skipped": false
            },
            {
              "title": "AC4 - Sayfada işlevsel bir \"Sepete Ekle\" butonu bulunmalıdır",
              "fullTitle": "User Story 03 - Ürün Detay Sayfası Görüntüleme ve Sepete Ekleme AC4 - Sayfada işlevsel bir \"Sepete Ekle\" butonu bulunmalıdır",
              "timedOut": null,
              "duration": 10197,
              "state": "passed",
              "speed": "slow",
              "pass": true,
              "fail": false,
              "pending": false,
              "context": null,
              "code": "_productListPage.default.clickFirstProduct();\n_productDetailPage.default.clickAddToCart();",
              "err": {},
              "uuid": "c0feb47a-959b-40b7-8a5c-be2199d92e45",
              "parentUUID": "7757f52e-9c04-4033-b076-7e0bfa3ef03b",
              "isHook": false,
              "skipped": false
            },
            {
              "title": "AC5 - \"Sepete Ekle\" tıklandığında onay mesajı ve butonlar görünmelidir",
              "fullTitle": "User Story 03 - Ürün Detay Sayfası Görüntüleme ve Sepete Ekleme AC5 - \"Sepete Ekle\" tıklandığında onay mesajı ve butonlar görünmelidir",
              "timedOut": null,
              "duration": 10537,
              "state": "passed",
              "speed": "slow",
              "pass": true,
              "fail": false,
              "pending": false,
              "context": null,
              "code": "_productListPage.default.clickFirstProduct();\n_productDetailPage.default.clickAddToCart();\n_productDetailPage.default.verifyCartConfirmation();",
              "err": {},
              "uuid": "19897c3e-a6c5-4243-a94f-6becfa0b7e2e",
              "parentUUID": "7757f52e-9c04-4033-b076-7e0bfa3ef03b",
              "isHook": false,
              "skipped": false
            },
            {
              "title": "AC6 - Ürün sepete eklendikten sonra sepet ikonundaki ürün sayısı 1 artmalıdır",
              "fullTitle": "User Story 03 - Ürün Detay Sayfası Görüntüleme ve Sepete Ekleme AC6 - Ürün sepete eklendikten sonra sepet ikonundaki ürün sayısı 1 artmalıdır",
              "timedOut": null,
              "duration": 11359,
              "state": "passed",
              "speed": "slow",
              "pass": true,
              "fail": false,
              "pending": false,
              "context": null,
              "code": "_productListPage.default.clickFirstProduct();\n_productDetailPage.default.verifyCartCountIncreased(1);",
              "err": {},
              "uuid": "36ba93f2-c03c-4263-a486-0f19dd491aad",
              "parentUUID": "7757f52e-9c04-4033-b076-7e0bfa3ef03b",
              "isHook": false,
              "skipped": false
            }
          ],
          "suites": [],
          "passes": [
            "1175d89b-6e6f-433b-8074-d5d9294b108e",
            "f7c6e80a-0f51-47d6-8946-c2d43c239afe",
            "e9e6bd7c-fcc5-4d49-96c7-734e24e02197",
            "c0feb47a-959b-40b7-8a5c-be2199d92e45",
            "19897c3e-a6c5-4243-a94f-6becfa0b7e2e",
            "36ba93f2-c03c-4263-a486-0f19dd491aad"
          ],
          "failures": [],
          "pending": [],
          "skipped": [],
          "duration": 65273,
          "root": false,
          "rootEmpty": false,
          "_timeout": 2000
        }
      ],
      "passes": [],
      "failures": [],
      "pending": [],
      "skipped": [],
      "duration": 0,
      "root": true,
      "rootEmpty": true,
      "_timeout": 2000
    }
  ],
  "meta": {
    "mocha": {
      "version": "7.2.0"
    },
    "mochawesome": {
      "options": {
        "quiet": false,
        "reportFilename": "mochawesome",
        "saveHtml": false,
        "saveJson": true,
        "consoleReporter": "spec",
        "useInlineDiffs": false,
        "code": true
      },
      "version": "7.1.4"
    },
    "marge": {
      "options": {
        "reportDir": "cypress/reports",
        "overwrite": false,
        "html": false,
        "json": true
      },
      "version": "6.3.2"
    }
  }
}